-------------------------------------------------------------------------------
Test set: org.example.root_header.RoundtripTest
-------------------------------------------------------------------------------
Tests run: 1, Failures: 1, Errors: 0, Skipped: 0, Time elapsed: 2.183 s <<< FAILURE! -- in org.example.root_header.RoundtripTest
org.example.root_header.RoundtripTest.testSamples -- Time elapsed: 2.150 s <<< FAILURE!
org.opentest4j.AssertionFailedError: Testing summary [1/1] failed the check. Check previous errors for details. ==> expected: <true> but was: <false>
	at org.jvnet.basicjaxb.testing.AbstractSamplesTest.testSamples(AbstractSamplesTest.java:261)
	at org.jvnet.hyperjaxb.ejb.test.AbstractEntityManagerSamplesTest.testSamples(AbstractEntityManagerSamplesTest.java:72)
	at java.base/java.lang.reflect.Method.invoke(Method.java:580)
	at java.base/java.util.ArrayList.forEach(ArrayList.java:1596)
	at java.base/java.util.ArrayList.forEach(ArrayList.java:1596)

