<?xml version="1.0" encoding="UTF-8"?>
<testsuite xmlns:xsi="http://www.w3.org/2001/XMLSchema-instance" xsi:noNamespaceSchemaLocation="https://maven.apache.org/surefire/maven-surefire-plugin/xsd/surefire-test-report-3.0.xsd" version="3.0" name="org.example.root_header.RoundtripTest" time="2.183" tests="1" errors="0" skipped="0" failures="1">
  <properties>
[...]
</properties>
  <testcase name="testSamples" classname="org.example.root_header.RoundtripTest" time="2.15">
    <failure message="Testing summary [1/1] failed the check. Check previous errors for details. ==&gt; expected: &lt;true&gt; but was: &lt;false&gt;" type="org.opentest4j.AssertionFailedError"><![CDATA[org.opentest4j.AssertionFailedError: Testing summary [1/1] failed the check. Check previous errors for details. ==> expected: <true> but was: <false>
	at org.jvnet.basicjaxb.testing.AbstractSamplesTest.testSamples(AbstractSamplesTest.java:261)
	at org.jvnet.hyperjaxb.ejb.test.AbstractEntityManagerSamplesTest.testSamples(AbstractEntityManagerSamplesTest.java:72)
	at java.base/java.lang.reflect.Method.invoke(Method.java:580)
	at java.base/java.util.ArrayList.forEach(ArrayList.java:1596)
	at java.base/java.util.ArrayList.forEach(ArrayList.java:1596)
]]></failure>
    <system-out><![CDATA[17:51:53:330 INFO EMF: Detected [file:/C:/Users/gerth/source/repos/3l-gee/cheatSheet/hyper-jaxb/simple/target/classes/META-INF/persistence.xml].
17:51:53:331 DEBUG Loading entity manager factory properties.
17:51:53:332 INFO EMF: Loading [file:/C:/Users/gerth/source/repos/3l-gee/cheatSheet/hyper-jaxb/simple/target/classes/persistence.properties].
17:51:53:332 DEBUG Loading more entity manager factory properties.
17:51:53:332 INFO EMF: Loading [file:/C:/Users/gerth/source/repos/3l-gee/cheatSheet/hyper-jaxb/simple/target/classes/persistence-pg.properties].
17:51:55:165 DEBUG alter table if exists simplecase.PERSON_TYPE drop constraint if exists FK3aieb340ekahh62ibta5bdu9n
17:51:55:184 DEBUG drop table if exists simplecase.GROUP_ cascade
17:51:55:204 DEBUG drop table if exists simplecase.PERSON_TYPE cascade
17:51:55:212 DEBUG create table simplecase.GROUP_ (HJID bigserial not null, primary key (HJID))
17:51:55:221 DEBUG create table simplecase.PERSON_TYPE (HJID bigserial not null, PERSON_GROUP__HJID bigint, NAME_ varchar(255), TITLE varchar(255), primary key (HJID))
17:51:55:231 DEBUG alter table if exists simplecase.PERSON_TYPE add constraint FK3aieb340ekahh62ibta5bdu9n foreign key (PERSON_GROUP__HJID) references simplecase.GROUP_
17:51:55:238 DEBUG Testing samples, start
17:51:55:238 INFO Testing directory [C:\Users\gerth\source\repos\3l-gee\cheatSheet\hyper-jaxb\simple\src\test\samples].
17:51:55:243 DEBUG Testing sample, start [simple.xml].
17:51:55:292 DEBUG Unmarshalling sample.
17:51:55:302 DEBUG Unmarshalling etalon.
17:51:55:314 TRACE Etalon object:
<?xml version="1.0" encoding="UTF-8" standalone="yes"?>
<group xmlns="http://example.org/simplecase">
    <person>
        <name>Alice</name>
        <age>30</age>
        <title>Engineer</title>
    </person>
    <person>
        <name>Bob</name>
        <age>45</age>
        <title>Manager</title>
    </person>
    <person>
        <name>Charlie</name>
        <age>25</age>
        <title>Intern</title>
    </person>
</group>

17:51:55:314 DEBUG Persisting the unmarshalled sample.
17:51:55:369 DEBUG insert into simplecase.GROUP_ default values
17:51:55:381 DEBUG insert into simplecase.PERSON_TYPE (NAME_,TITLE) values (?,?)
17:51:55:384 DEBUG insert into simplecase.PERSON_TYPE (NAME_,TITLE) values (?,?)
17:51:55:385 DEBUG insert into simplecase.PERSON_TYPE (NAME_,TITLE) values (?,?)
17:51:55:397 DEBUG update simplecase.PERSON_TYPE set PERSON_GROUP__HJID=? where HJID=?
17:51:55:398 DEBUG update simplecase.PERSON_TYPE set PERSON_GROUP__HJID=? where HJID=?
17:51:55:399 DEBUG update simplecase.PERSON_TYPE set PERSON_GROUP__HJID=? where HJID=?
17:51:55:407 TRACE Saved object:
<?xml version="1.0" encoding="UTF-8" standalone="yes"?>
<group Hjid="1" xmlns="http://example.org/simplecase">
    <person Hjid="1">
        <name>Alice</name>
        <title>Engineer</title>
    </person>
    <person Hjid="2">
        <name>Bob</name>
        <title>Manager</title>
    </person>
    <person Hjid="3">
        <name>Charlie</name>
        <title>Intern</title>
    </person>
</group>

17:51:55:408 DEBUG Loading the persisted sample.
17:51:55:429 DEBUG select g1_0.HJID,p1_0.PERSON_GROUP__HJID,p1_0.HJID,p1_0.NAME_,p1_0.TITLE from simplecase.GROUP_ g1_0 left join simplecase.PERSON_TYPE p1_0 on g1_0.HJID=p1_0.PERSON_GROUP__HJID where g1_0.HJID=?
17:51:55:435 TRACE Loaded object:
<?xml version="1.0" encoding="UTF-8" standalone="yes"?>
<group Hjid="1" xmlns="http://example.org/simplecase">
    <person Hjid="1">
        <name>Alice</name>
        <title>Engineer</title>
    </person>
    <person Hjid="2">
        <name>Bob</name>
        <title>Manager</title>
    </person>
    <person Hjid="3">
        <name>Charlie</name>
        <title>Intern</title>
    </person>
</group>

17:51:55:437 DEBUG Checking the sample object identity: Etalon vs Loaded.
17:51:55:439 DEBUG Objects are NOT equal!
17:51:55:439 DEBUG LHS: {(Group@995ad50).person[0].age.isSet} -> true
17:51:55:439 DEBUG RHS: {(Group@2d38db6f).person[0].age.isSet} -> false
17:51:55:439 DEBUG Objects are NOT equal!
17:51:55:440 DEBUG LHS: {(Group@995ad50).person[0]} -> PersonType@698f4aa[Alice, 30, Engineer]
17:51:55:441 DEBUG RHS: {(Group@2d38db6f).person[0]} -> PersonType@7ffcb232[Alice, <null>, Engineer]
17:51:55:441 DEBUG Objects are NOT equal!
17:51:55:441 DEBUG LHS: {(Group@995ad50).person} -> java.util.ArrayList[3]
17:51:55:441 DEBUG RHS: {(Group@2d38db6f).person} -> org.hibernate.collection.spi.PersistentBag[3]
17:51:55:441 DEBUG Objects are NOT equal!
17:51:55:441 DEBUG LHS: {(Group@995ad50)} -> Group@995ad50[<size=3>]
17:51:55:441 DEBUG RHS: {(Group@2d38db6f)} -> Group@2d38db6f[<size=3>]
17:51:55:443 ERROR Testing sample [simple.xml] failed the check.
org.opentest4j.AssertionFailedError: Objects NOT equal. Use DEBUG for location details. ==> expected: <true> but was: <false>
	at org.junit.jupiter.api.AssertionFailureBuilder.build(AssertionFailureBuilder.java:151)
	at org.junit.jupiter.api.AssertionFailureBuilder.buildAndThrow(AssertionFailureBuilder.java:132)
	at org.junit.jupiter.api.AssertTrue.failNotTrue(AssertTrue.java:63)
	at org.junit.jupiter.api.AssertTrue.assertTrue(AssertTrue.java:36)
	at org.junit.jupiter.api.Assertions.assertTrue(Assertions.java:214)
	at org.jvnet.hyperjaxb.ejb.test.RoundtripTest.checkObjects(RoundtripTest.java:221)
	at org.jvnet.hyperjaxb.ejb.test.RoundtripTest.checkSample(RoundtripTest.java:170)
	at org.jvnet.hyperjaxb.ejb.test.RoundtripTest.checkSample(RoundtripTest.java:48)
	at org.jvnet.hyperjaxb.ejb.test.AbstractEntityManagerSamplesTest$1.checkSample(AbstractEntityManagerSamplesTest.java:83)
	at org.jvnet.basicjaxb.testing.AbstractSamplesTest.testSamples(AbstractSamplesTest.java:245)
	at org.jvnet.hyperjaxb.ejb.test.AbstractEntityManagerSamplesTest.testSamples(AbstractEntityManagerSamplesTest.java:72)
	at java.base/jdk.internal.reflect.DirectMethodHandleAccessor.invoke(DirectMethodHandleAccessor.java:103)
	at java.base/java.lang.reflect.Method.invoke(Method.java:580)
	at org.junit.platform.commons.util.ReflectionUtils.invokeMethod(ReflectionUtils.java:728)
	at org.junit.jupiter.engine.execution.MethodInvocation.proceed(MethodInvocation.java:60)
	at org.junit.jupiter.engine.execution.InvocationInterceptorChain$ValidatingInvocation.proceed(InvocationInterceptorChain.java:131)
	at org.junit.jupiter.engine.extension.TimeoutExtension.intercept(TimeoutExtension.java:156)
	at org.junit.jupiter.engine.extension.TimeoutExtension.interceptTestableMethod(TimeoutExtension.java:147)
	at org.junit.jupiter.engine.extension.TimeoutExtension.interceptTestMethod(TimeoutExtension.java:86)
	at org.junit.jupiter.engine.execution.InterceptingExecutableInvoker$ReflectiveInterceptorCall.lambda$ofVoidMethod$0(InterceptingExecutableInvoker.java:103)
	at org.junit.jupiter.engine.execution.InterceptingExecutableInvoker.lambda$invoke$0(InterceptingExecutableInvoker.java:93)
	at org.junit.jupiter.engine.execution.InvocationInterceptorChain$InterceptedInvocation.proceed(InvocationInterceptorChain.java:106)
	at org.junit.jupiter.engine.execution.InvocationInterceptorChain.proceed(InvocationInterceptorChain.java:64)
	at org.junit.jupiter.engine.execution.InvocationInterceptorChain.chainAndInvoke(InvocationInterceptorChain.java:45)
	at org.junit.jupiter.engine.execution.InvocationInterceptorChain.invoke(InvocationInterceptorChain.java:37)
	at org.junit.jupiter.engine.execution.InterceptingExecutableInvoker.invoke(InterceptingExecutableInvoker.java:92)
	at org.junit.jupiter.engine.execution.InterceptingExecutableInvoker.invoke(InterceptingExecutableInvoker.java:86)
	at org.junit.jupiter.engine.descriptor.TestMethodTestDescriptor.lambda$invokeTestMethod$7(TestMethodTestDescriptor.java:218)
	at org.junit.platform.engine.support.hierarchical.ThrowableCollector.execute(ThrowableCollector.java:73)
	at org.junit.jupiter.engine.descriptor.TestMethodTestDescriptor.invokeTestMethod(TestMethodTestDescriptor.java:214)
	at org.junit.jupiter.engine.descriptor.TestMethodTestDescriptor.execute(TestMethodTestDescriptor.java:139)
	at org.junit.jupiter.engine.descriptor.TestMethodTestDescriptor.execute(TestMethodTestDescriptor.java:69)
	at org.junit.platform.engine.support.hierarchical.NodeTestTask.lambda$executeRecursively$6(NodeTestTask.java:151)
	at org.junit.platform.engine.support.hierarchical.ThrowableCollector.execute(ThrowableCollector.java:73)
	at org.junit.platform.engine.support.hierarchical.NodeTestTask.lambda$executeRecursively$8(NodeTestTask.java:141)
	at org.junit.platform.engine.support.hierarchical.Node.around(Node.java:137)
	at org.junit.platform.engine.support.hierarchical.NodeTestTask.lambda$executeRecursively$9(NodeTestTask.java:139)
	at org.junit.platform.engine.support.hierarchical.ThrowableCollector.execute(ThrowableCollector.java:73)
	at org.junit.platform.engine.support.hierarchical.NodeTestTask.executeRecursively(NodeTestTask.java:138)
	at org.junit.platform.engine.support.hierarchical.NodeTestTask.execute(NodeTestTask.java:95)
	at java.base/java.util.ArrayList.forEach(ArrayList.java:1596)
	at org.junit.platform.engine.support.hierarchical.SameThreadHierarchicalTestExecutorService.invokeAll(SameThreadHierarchicalTestExecutorService.java:41)
	at org.junit.platform.engine.support.hierarchical.NodeTestTask.lambda$executeRecursively$6(NodeTestTask.java:155)
	at org.junit.platform.engine.support.hierarchical.ThrowableCollector.execute(ThrowableCollector.java:73)
	at org.junit.platform.engine.support.hierarchical.NodeTestTask.lambda$executeRecursively$8(NodeTestTask.java:141)
	at org.junit.platform.engine.support.hierarchical.Node.around(Node.java:137)
	at org.junit.platform.engine.support.hierarchical.NodeTestTask.lambda$executeRecursively$9(NodeTestTask.java:139)
	at org.junit.platform.engine.support.hierarchical.ThrowableCollector.execute(ThrowableCollector.java:73)
	at org.junit.platform.engine.support.hierarchical.NodeTestTask.executeRecursively(NodeTestTask.java:138)
	at org.junit.platform.engine.support.hierarchical.NodeTestTask.execute(NodeTestTask.java:95)
	at java.base/java.util.ArrayList.forEach(ArrayList.java:1596)
	at org.junit.platform.engine.support.hierarchical.SameThreadHierarchicalTestExecutorService.invokeAll(SameThreadHierarchicalTestExecutorService.java:41)
	at org.junit.platform.engine.support.hierarchical.NodeTestTask.lambda$executeRecursively$6(NodeTestTask.java:155)
	at org.junit.platform.engine.support.hierarchical.ThrowableCollector.execute(ThrowableCollector.java:73)
	at org.junit.platform.engine.support.hierarchical.NodeTestTask.lambda$executeRecursively$8(NodeTestTask.java:141)
	at org.junit.platform.engine.support.hierarchical.Node.around(Node.java:137)
	at org.junit.platform.engine.support.hierarchical.NodeTestTask.lambda$executeRecursively$9(NodeTestTask.java:139)
	at org.junit.platform.engine.support.hierarchical.ThrowableCollector.execute(ThrowableCollector.java:73)
	at org.junit.platform.engine.support.hierarchical.NodeTestTask.executeRecursively(NodeTestTask.java:138)
	at org.junit.platform.engine.support.hierarchical.NodeTestTask.execute(NodeTestTask.java:95)
	at org.junit.platform.engine.support.hierarchical.SameThreadHierarchicalTestExecutorService.submit(SameThreadHierarchicalTestExecutorService.java:35)
	at org.junit.platform.engine.support.hierarchical.HierarchicalTestExecutor.execute(HierarchicalTestExecutor.java:57)
	at org.junit.platform.engine.support.hierarchical.HierarchicalTestEngine.execute(HierarchicalTestEngine.java:54)
	at org.junit.platform.launcher.core.EngineExecutionOrchestrator.execute(EngineExecutionOrchestrator.java:198)
	at org.junit.platform.launcher.core.EngineExecutionOrchestrator.execute(EngineExecutionOrchestrator.java:169)
	at org.junit.platform.launcher.core.EngineExecutionOrchestrator.execute(EngineExecutionOrchestrator.java:93)
	at org.junit.platform.launcher.core.EngineExecutionOrchestrator.lambda$execute$0(EngineExecutionOrchestrator.java:58)
	at org.junit.platform.launcher.core.EngineExecutionOrchestrator.withInterceptedStreams(EngineExecutionOrchestrator.java:141)
	at org.junit.platform.launcher.core.EngineExecutionOrchestrator.execute(EngineExecutionOrchestrator.java:57)
	at org.junit.platform.launcher.core.DefaultLauncher.execute(DefaultLauncher.java:103)
	at org.junit.platform.launcher.core.DefaultLauncher.execute(DefaultLauncher.java:85)
	at org.junit.platform.launcher.core.DelegatingLauncher.execute(DelegatingLauncher.java:47)
	at org.apache.maven.surefire.junitplatform.LazyLauncher.execute(LazyLauncher.java:56)
	at org.apache.maven.surefire.junitplatform.JUnitPlatformProvider.execute(JUnitPlatformProvider.java:184)
	at org.apache.maven.surefire.junitplatform.JUnitPlatformProvider.invokeAllTests(JUnitPlatformProvider.java:148)
	at org.apache.maven.surefire.junitplatform.JUnitPlatformProvider.invoke(JUnitPlatformProvider.java:122)
	at org.apache.maven.surefire.booter.ForkedBooter.runSuitesInProcess(ForkedBooter.java:385)
	at org.apache.maven.surefire.booter.ForkedBooter.execute(ForkedBooter.java:162)
	at org.apache.maven.surefire.booter.ForkedBooter.run(ForkedBooter.java:507)
	at org.apache.maven.surefire.booter.ForkedBooter.main(ForkedBooter.java:495)
17:51:55:445 INFO Testing sample, FAILURE [simple.xml].
17:51:55:446 DEBUG Testing samples, finish
]]></system-out>
  </testcase>
</testsuite>