<?xml version="1.0" encoding="UTF-8"?>
<testsuite xmlns:xsi="http://www.w3.org/2001/XMLSchema-instance" xsi:noNamespaceSchemaLocation="https://maven.apache.org/surefire/maven-surefire-plugin/xsd/surefire-test-report-3.0.xsd" version="3.0" name="org.example.root_header.RoundtripTest" time="2.183" tests="1" errors="0" skipped="0" failures="1">
  <properties>
    <property name="java.specification.version" value="21"/>
    <property name="org.slf4j.simpleLogger.log.org.apache.maven.repository.internal.DefaultArtifactDescriptorReader" value="ERROR"/>
    <property name="sun.cpu.isalist" value="amd64"/>
    <property name="org.slf4j.simpleLogger.showLogName" value="false"/>
    <property name="sun.jnu.encoding" value="Cp1252"/>
    <property name="java.class.path" value="C:\Users\gerth\source\repos\3l-gee\cheatSheet\hyper-jaxb\simple\target\test-classes;C:\Users\gerth\source\repos\3l-gee\cheatSheet\hyper-jaxb\simple\target\classes;C:\Users\gerth\.m2\repository\jakarta\annotation\jakarta.annotation-api\2.1.1\jakarta.annotation-api-2.1.1.jar;C:\Users\gerth\.m2\repository\jakarta\persistence\jakarta.persistence-api\3.1.0\jakarta.persistence-api-3.1.0.jar;C:\Users\gerth\.m2\repository\org\patrodyne\jvnet\hisrc-basicjaxb-runtime\2.2.1\hisrc-basicjaxb-runtime-2.2.1.jar;C:\Users\gerth\.m2\repository\jakarta\activation\jakarta.activation-api\2.1.3\jakarta.activation-api-2.1.3.jar;C:\Users\gerth\.m2\repository\jakarta\xml\bind\jakarta.xml.bind-api\4.0.2\jakarta.xml.bind-api-4.0.2.jar;C:\Users\gerth\.m2\repository\org\glassfish\jaxb\jaxb-runtime\4.0.5\jaxb-runtime-4.0.5.jar;C:\Users\gerth\.m2\repository\org\glassfish\jaxb\jaxb-core\4.0.5\jaxb-core-4.0.5.jar;C:\Users\gerth\.m2\repository\org\eclipse\angus\angus-activation\2.0.2\angus-activation-2.0.2.jar;C:\Users\gerth\.m2\repository\org\glassfish\jaxb\txw2\4.0.5\txw2-4.0.5.jar;C:\Users\gerth\.m2\repository\com\sun\istack\istack-commons-runtime\4.1.2\istack-commons-runtime-4.1.2.jar;C:\Users\gerth\.m2\repository\commons-io\commons-io\2.16.0\commons-io-2.16.0.jar;C:\Users\gerth\.m2\repository\org\slf4j\slf4j-api\2.0.12\slf4j-api-2.0.12.jar;C:\Users\gerth\.m2\repository\org\patrodyne\jvnet\hisrc-hyperjaxb-ejb-runtime\2.2.1\hisrc-hyperjaxb-ejb-runtime-2.2.1.jar;C:\Users\gerth\.m2\repository\org\apache\commons\commons-lang3\3.14.0\commons-lang3-3.14.0.jar;C:\Users\gerth\.m2\repository\com\h2database\h2\2.2.224\h2-2.2.224.jar;C:\Users\gerth\.m2\repository\org\postgresql\postgresql\42.7.3\postgresql-42.7.3.jar;C:\Users\gerth\.m2\repository\org\checkerframework\checker-qual\3.42.0\checker-qual-3.42.0.jar;C:\Users\gerth\.m2\repository\org\slf4j\slf4j-simple\2.0.12\slf4j-simple-2.0.12.jar;C:\Users\gerth\.m2\repository\org\patrodyne\jvnet\hisrc-hyperjaxb-ejb-roundtrip\2.2.1\hisrc-hyperjaxb-ejb-roundtrip-2.2.1.jar;C:\Users\gerth\.m2\repository\org\junit\jupiter\junit-jupiter-api\5.10.2\junit-jupiter-api-5.10.2.jar;C:\Users\gerth\.m2\repository\org\opentest4j\opentest4j\1.3.0\opentest4j-1.3.0.jar;C:\Users\gerth\.m2\repository\org\junit\platform\junit-platform-commons\1.10.2\junit-platform-commons-1.10.2.jar;C:\Users\gerth\.m2\repository\org\apiguardian\apiguardian-api\1.1.2\apiguardian-api-1.1.2.jar;C:\Users\gerth\.m2\repository\org\patrodyne\jvnet\hisrc-basicjaxb-testing\2.2.1\hisrc-basicjaxb-testing-2.2.1.jar;C:\Users\gerth\.m2\repository\org\glassfish\jaxb\jaxb-xjc\4.0.5\jaxb-xjc-4.0.5.jar;C:\Users\gerth\.m2\repository\org\glassfish\jaxb\xsom\4.0.5\xsom-4.0.5.jar;C:\Users\gerth\.m2\repository\com\sun\xml\bind\external\relaxng-datatype\4.0.5\relaxng-datatype-4.0.5.jar;C:\Users\gerth\.m2\repository\org\glassfish\jaxb\codemodel\4.0.5\codemodel-4.0.5.jar;C:\Users\gerth\.m2\repository\com\sun\xml\bind\external\rngom\4.0.5\rngom-4.0.5.jar;C:\Users\gerth\.m2\repository\com\sun\xml\dtd-parser\dtd-parser\1.5.1\dtd-parser-1.5.1.jar;C:\Users\gerth\.m2\repository\com\sun\istack\istack-commons-tools\4.1.2\istack-commons-tools-4.1.2.jar;C:\Users\gerth\.m2\repository\xmlunit\xmlunit\1.6\xmlunit-1.6.jar;C:\Users\gerth\.m2\repository\org\patrodyne\jvnet\hisrc-hyperjaxb-opt-hibernate\2.2.1\hisrc-hyperjaxb-opt-hibernate-2.2.1.jar;C:\Users\gerth\.m2\repository\io\smallrye\jandex\3.1.7\jandex-3.1.7.jar;C:\Users\gerth\.m2\repository\org\hibernate\orm\hibernate-core\6.4.4.Final\hibernate-core-6.4.4.Final.jar;C:\Users\gerth\.m2\repository\jakarta\transaction\jakarta.transaction-api\2.0.1\jakarta.transaction-api-2.0.1.jar;C:\Users\gerth\.m2\repository\org\jboss\logging\jboss-logging\3.5.0.Final\jboss-logging-3.5.0.Final.jar;C:\Users\gerth\.m2\repository\org\hibernate\common\hibernate-commons-annotations\6.0.6.Final\hibernate-commons-annotations-6.0.6.Final.jar;C:\Users\gerth\.m2\repository\com\fasterxml\classmate\1.5.1\classmate-1.5.1.jar;C:\Users\gerth\.m2\repository\net\bytebuddy\byte-buddy\1.14.11\byte-buddy-1.14.11.jar;C:\Users\gerth\.m2\repository\jakarta\inject\jakarta.inject-api\2.0.1\jakarta.inject-api-2.0.1.jar;C:\Users\gerth\.m2\repository\org\antlr\antlr4-runtime\4.13.0\antlr4-runtime-4.13.0.jar;C:\Users\gerth\.m2\repository\org\hibernate\orm\hibernate-jcache\6.4.4.Final\hibernate-jcache-6.4.4.Final.jar;C:\Users\gerth\.m2\repository\javax\cache\cache-api\1.0.0\cache-api-1.0.0.jar;"/>
    <property name="java.vm.vendor" value="Oracle Corporation"/>
    <property name="sun.arch.data.model" value="64"/>
    <property name="user.variant" value=""/>
    <property name="java.vendor.url" value="https://java.oracle.com/"/>
    <property name="user.timezone" value="Europe/Zurich"/>
    <property name="org.jboss.logging.provider" value="slf4j"/>
    <property name="user.country.format" value="150"/>
    <property name="java.vm.specification.version" value="21"/>
    <property name="os.name" value="Windows 11"/>
    <property name="org.slf4j.simpleLogger.showShortLogName" value="false"/>
    <property name="sun.java.launcher" value="SUN_STANDARD"/>
    <property name="user.country" value="US"/>
    <property name="sun.boot.library.path" value="C:\Program Files\Java\jdk-21\bin"/>
    <property name="sun.java.command" value="C:\Users\gerth\AppData\Local\Temp\surefire13964891416235031031\surefirebooter-20250918175152747_3.jar C:\Users\gerth\AppData\Local\Temp\surefire13964891416235031031 2025-09-18T17-51-52_649-jvmRun1 surefire-20250918175152747_1tmp surefire_0-20250918175152747_2tmp"/>
    <property name="jdk.debug" value="release"/>
    <property name="surefire.test.class.path" value="C:\Users\gerth\source\repos\3l-gee\cheatSheet\hyper-jaxb\simple\target\test-classes;C:\Users\gerth\source\repos\3l-gee\cheatSheet\hyper-jaxb\simple\target\classes;C:\Users\gerth\.m2\repository\jakarta\annotation\jakarta.annotation-api\2.1.1\jakarta.annotation-api-2.1.1.jar;C:\Users\gerth\.m2\repository\jakarta\persistence\jakarta.persistence-api\3.1.0\jakarta.persistence-api-3.1.0.jar;C:\Users\gerth\.m2\repository\org\patrodyne\jvnet\hisrc-basicjaxb-runtime\2.2.1\hisrc-basicjaxb-runtime-2.2.1.jar;C:\Users\gerth\.m2\repository\jakarta\activation\jakarta.activation-api\2.1.3\jakarta.activation-api-2.1.3.jar;C:\Users\gerth\.m2\repository\jakarta\xml\bind\jakarta.xml.bind-api\4.0.2\jakarta.xml.bind-api-4.0.2.jar;C:\Users\gerth\.m2\repository\org\glassfish\jaxb\jaxb-runtime\4.0.5\jaxb-runtime-4.0.5.jar;C:\Users\gerth\.m2\repository\org\glassfish\jaxb\jaxb-core\4.0.5\jaxb-core-4.0.5.jar;C:\Users\gerth\.m2\repository\org\eclipse\angus\angus-activation\2.0.2\angus-activation-2.0.2.jar;C:\Users\gerth\.m2\repository\org\glassfish\jaxb\txw2\4.0.5\txw2-4.0.5.jar;C:\Users\gerth\.m2\repository\com\sun\istack\istack-commons-runtime\4.1.2\istack-commons-runtime-4.1.2.jar;C:\Users\gerth\.m2\repository\commons-io\commons-io\2.16.0\commons-io-2.16.0.jar;C:\Users\gerth\.m2\repository\org\slf4j\slf4j-api\2.0.12\slf4j-api-2.0.12.jar;C:\Users\gerth\.m2\repository\org\patrodyne\jvnet\hisrc-hyperjaxb-ejb-runtime\2.2.1\hisrc-hyperjaxb-ejb-runtime-2.2.1.jar;C:\Users\gerth\.m2\repository\org\apache\commons\commons-lang3\3.14.0\commons-lang3-3.14.0.jar;C:\Users\gerth\.m2\repository\com\h2database\h2\2.2.224\h2-2.2.224.jar;C:\Users\gerth\.m2\repository\org\postgresql\postgresql\42.7.3\postgresql-42.7.3.jar;C:\Users\gerth\.m2\repository\org\checkerframework\checker-qual\3.42.0\checker-qual-3.42.0.jar;C:\Users\gerth\.m2\repository\org\slf4j\slf4j-simple\2.0.12\slf4j-simple-2.0.12.jar;C:\Users\gerth\.m2\repository\org\patrodyne\jvnet\hisrc-hyperjaxb-ejb-roundtrip\2.2.1\hisrc-hyperjaxb-ejb-roundtrip-2.2.1.jar;C:\Users\gerth\.m2\repository\org\junit\jupiter\junit-jupiter-api\5.10.2\junit-jupiter-api-5.10.2.jar;C:\Users\gerth\.m2\repository\org\opentest4j\opentest4j\1.3.0\opentest4j-1.3.0.jar;C:\Users\gerth\.m2\repository\org\junit\platform\junit-platform-commons\1.10.2\junit-platform-commons-1.10.2.jar;C:\Users\gerth\.m2\repository\org\apiguardian\apiguardian-api\1.1.2\apiguardian-api-1.1.2.jar;C:\Users\gerth\.m2\repository\org\patrodyne\jvnet\hisrc-basicjaxb-testing\2.2.1\hisrc-basicjaxb-testing-2.2.1.jar;C:\Users\gerth\.m2\repository\org\glassfish\jaxb\jaxb-xjc\4.0.5\jaxb-xjc-4.0.5.jar;C:\Users\gerth\.m2\repository\org\glassfish\jaxb\xsom\4.0.5\xsom-4.0.5.jar;C:\Users\gerth\.m2\repository\com\sun\xml\bind\external\relaxng-datatype\4.0.5\relaxng-datatype-4.0.5.jar;C:\Users\gerth\.m2\repository\org\glassfish\jaxb\codemodel\4.0.5\codemodel-4.0.5.jar;C:\Users\gerth\.m2\repository\com\sun\xml\bind\external\rngom\4.0.5\rngom-4.0.5.jar;C:\Users\gerth\.m2\repository\com\sun\xml\dtd-parser\dtd-parser\1.5.1\dtd-parser-1.5.1.jar;C:\Users\gerth\.m2\repository\com\sun\istack\istack-commons-tools\4.1.2\istack-commons-tools-4.1.2.jar;C:\Users\gerth\.m2\repository\xmlunit\xmlunit\1.6\xmlunit-1.6.jar;C:\Users\gerth\.m2\repository\org\patrodyne\jvnet\hisrc-hyperjaxb-opt-hibernate\2.2.1\hisrc-hyperjaxb-opt-hibernate-2.2.1.jar;C:\Users\gerth\.m2\repository\io\smallrye\jandex\3.1.7\jandex-3.1.7.jar;C:\Users\gerth\.m2\repository\org\hibernate\orm\hibernate-core\6.4.4.Final\hibernate-core-6.4.4.Final.jar;C:\Users\gerth\.m2\repository\jakarta\transaction\jakarta.transaction-api\2.0.1\jakarta.transaction-api-2.0.1.jar;C:\Users\gerth\.m2\repository\org\jboss\logging\jboss-logging\3.5.0.Final\jboss-logging-3.5.0.Final.jar;C:\Users\gerth\.m2\repository\org\hibernate\common\hibernate-commons-annotations\6.0.6.Final\hibernate-commons-annotations-6.0.6.Final.jar;C:\Users\gerth\.m2\repository\com\fasterxml\classmate\1.5.1\classmate-1.5.1.jar;C:\Users\gerth\.m2\repository\net\bytebuddy\byte-buddy\1.14.11\byte-buddy-1.14.11.jar;C:\Users\gerth\.m2\repository\jakarta\inject\jakarta.inject-api\2.0.1\jakarta.inject-api-2.0.1.jar;C:\Users\gerth\.m2\repository\org\antlr\antlr4-runtime\4.13.0\antlr4-runtime-4.13.0.jar;C:\Users\gerth\.m2\repository\org\hibernate\orm\hibernate-jcache\6.4.4.Final\hibernate-jcache-6.4.4.Final.jar;C:\Users\gerth\.m2\repository\javax\cache\cache-api\1.0.0\cache-api-1.0.0.jar;"/>
    <property name="sun.cpu.endian" value="little"/>
    <property name="user.home" value="C:\Users\gerth"/>
    <property name="user.language" value="en"/>
    <property name="java.specification.vendor" value="Oracle Corporation"/>
    <property name="java.version.date" value="2024-04-16"/>
    <property name="java.home" value="C:\Program Files\Java\jdk-21"/>
    <property name="org.jvnet.hyperjaxb.persistencePropertiesMoreFile" value="persistence-pg.properties"/>
    <property name="file.separator" value="\"/>
    <property name="basedir" value="C:\Users\gerth\source\repos\3l-gee\cheatSheet\hyper-jaxb\simple"/>
    <property name="java.vm.compressedOopsMode" value="Zero based"/>
    <property name="line.separator" value="&#10;"/>
    <property name="org.jvnet.hyperjaxb.persistencePropertiesBaseFile" value="persistence.properties"/>
    <property name="java.vm.specification.vendor" value="Oracle Corporation"/>
    <property name="java.specification.name" value="Java Platform API Specification"/>
    <property name="org.jvnet.hyperjaxb.todoLogLevel" value="DEBUG"/>
    <property name="surefire.real.class.path" value="C:\Users\gerth\AppData\Local\Temp\surefire13964891416235031031\surefirebooter-20250918175152747_3.jar"/>
    <property name="user.script" value=""/>
    <property name="sun.management.compiler" value="HotSpot 64-Bit Tiered Compilers"/>
    <property name="java.runtime.version" value="21.0.3+7-LTS-152"/>
    <property name="user.name" value="gerth"/>
    <property name="stdout.encoding" value="Cp1252"/>
    <property name="path.separator" value=";"/>
    <property name="os.version" value="10.0"/>
    <property name="org.slf4j.simpleLogger.log.org.codehaus.mojo.exec.ExecJavaMojo" value="ERROR"/>
    <property name="java.runtime.name" value="Java(TM) SE Runtime Environment"/>
    <property name="file.encoding" value="UTF-8"/>
    <property name="java.vm.name" value="Java HotSpot(TM) 64-Bit Server VM"/>
    <property name="localRepository" value="C:\Users\gerth\.m2\repository"/>
    <property name="java.vendor.url.bug" value="https://bugreport.java.com/bugreport/"/>
    <property name="java.io.tmpdir" value="C:\Users\gerth\AppData\Local\Temp\"/>
    <property name="java.version" value="21.0.3"/>
    <property name="user.dir" value="C:\Users\gerth\source\repos\3l-gee\cheatSheet\hyper-jaxb\simple"/>
    <property name="os.arch" value="amd64"/>
    <property name="org.jvnet.hyperjaxb.persistence" value="hibernate"/>
    <property name="java.vm.specification.name" value="Java Virtual Machine Specification"/>
    <property name="sun.os.patch.level" value=""/>
    <property name="native.encoding" value="Cp1252"/>
    <property name="java.library.path" value="C:\Program Files\Java\jdk-21\bin;C:\WINDOWS\Sun\Java\bin;C:\WINDOWS\system32;C:\WINDOWS;C:\Program Files\Common Files\Oracle\Java\javapath;C:\Users\gerth\AppData\Local\Programs\Python\Python311;C:\Program Files\Eclipse Adoptium\jre-8.0.322.6-hotspot\bin;C:\WINDOWS\system32;C:\WINDOWS;C:\WINDOWS\System32\Wbem;C:\WINDOWS\System32\WindowsPowerShell\v1.0\;C:\WINDOWS\System32\OpenSSH\;C:\Program Files\Graphviz\bin;C:\ProgramData\chocolatey\bin;C:\Users\gerth\AppData\Local\Programs\Python\Python311\Scripts;C:\Program Files\QGIS 3.28.3;C:\Program Files\Apache\maven\apache-maven-3.9.8\bin;C:\Program Files\Java\jdk-21\bin;C:\Program Files\wget;C:\Program Files (x86)\Kaspersky Lab\KES.12.9.0\;C:\Program Files\xidel-0.9.8.win32;C:\Users\LokalerAdmin\AppData\Local\nvm;C:\nvm4w\nodejs;C:\Users\LokalerAdmin\AppData\Local\nvm;C:\Users\LokalerAdmin\AppData\Local\nvm\v22.12.0;C:\Users\gerth\AppData\Local\Programs\Python\Launcher\;C:\Users\gerth\.cargo\bin;C:\Users\gerth\AppData\Local\Microsoft\WindowsApps;C:\Users\gerth\AppData\Local\Programs\Git\cmd;C:\Users\gerth\AppData\Local\Programs\Microsoft VS Code\bin;;."/>
    <property name="java.vm.info" value="mixed mode, sharing"/>
    <property name="stderr.encoding" value="Cp1252"/>
    <property name="java.vendor" value="Oracle Corporation"/>
    <property name="java.vm.version" value="21.0.3+7-LTS-152"/>
    <property name="sun.io.unicode.encoding" value="UnicodeLittle"/>
    <property name="java.class.version" value="65.0"/>
  </properties>
  <testcase name="testSamples" classname="org.example.root_header.RoundtripTest" time="2.15">
    <failure message="Testing summary [1/1] failed the check. Check previous errors for details. ==&gt; expected: &lt;true&gt; but was: &lt;false&gt;" type="org.opentest4j.AssertionFailedError"><![CDATA[org.opentest4j.AssertionFailedError: Testing summary [1/1] failed the check. Check previous errors for details. ==> expected: <true> but was: <false>
	at org.jvnet.basicjaxb.testing.AbstractSamplesTest.testSamples(AbstractSamplesTest.java:261)
	at org.jvnet.hyperjaxb.ejb.test.AbstractEntityManagerSamplesTest.testSamples(AbstractEntityManagerSamplesTest.java:72)
	at java.base/java.lang.reflect.Method.invoke(Method.java:580)
	at java.base/java.util.ArrayList.forEach(ArrayList.java:1596)
	at java.base/java.util.ArrayList.forEach(ArrayList.java:1596)
]]></failure>
    <system-out><![CDATA[17:51:53:330 INFO EMF: Detected [file:/C:/Users/gerth/source/repos/3l-gee/cheatSheet/hyper-jaxb/simple/target/classes/META-INF/persistence.xml].
17:51:53:331 DEBUG Loading entity manager factory properties.
17:51:53:332 INFO EMF: Loading [file:/C:/Users/gerth/source/repos/3l-gee/cheatSheet/hyper-jaxb/simple/target/classes/persistence.properties].
17:51:53:332 DEBUG Loading more entity manager factory properties.
17:51:53:332 INFO EMF: Loading [file:/C:/Users/gerth/source/repos/3l-gee/cheatSheet/hyper-jaxb/simple/target/classes/persistence-pg.properties].
17:51:55:165 DEBUG alter table if exists simplecase.PERSON_TYPE drop constraint if exists FK3aieb340ekahh62ibta5bdu9n
17:51:55:184 DEBUG drop table if exists simplecase.GROUP_ cascade
17:51:55:204 DEBUG drop table if exists simplecase.PERSON_TYPE cascade
17:51:55:212 DEBUG create table simplecase.GROUP_ (HJID bigserial not null, primary key (HJID))
17:51:55:221 DEBUG create table simplecase.PERSON_TYPE (HJID bigserial not null, PERSON_GROUP__HJID bigint, NAME_ varchar(255), TITLE varchar(255), primary key (HJID))
17:51:55:231 DEBUG alter table if exists simplecase.PERSON_TYPE add constraint FK3aieb340ekahh62ibta5bdu9n foreign key (PERSON_GROUP__HJID) references simplecase.GROUP_
17:51:55:238 DEBUG Testing samples, start
17:51:55:238 INFO Testing directory [C:\Users\gerth\source\repos\3l-gee\cheatSheet\hyper-jaxb\simple\src\test\samples].
17:51:55:243 DEBUG Testing sample, start [simple.xml].
17:51:55:292 DEBUG Unmarshalling sample.
17:51:55:302 DEBUG Unmarshalling etalon.
17:51:55:314 TRACE Etalon object:
<?xml version="1.0" encoding="UTF-8" standalone="yes"?>
<group xmlns="http://example.org/simplecase">
    <person>
        <name>Alice</name>
        <age>30</age>
        <title>Engineer</title>
    </person>
    <person>
        <name>Bob</name>
        <age>45</age>
        <title>Manager</title>
    </person>
    <person>
        <name>Charlie</name>
        <age>25</age>
        <title>Intern</title>
    </person>
</group>

17:51:55:314 DEBUG Persisting the unmarshalled sample.
17:51:55:369 DEBUG insert into simplecase.GROUP_ default values
17:51:55:381 DEBUG insert into simplecase.PERSON_TYPE (NAME_,TITLE) values (?,?)
17:51:55:384 DEBUG insert into simplecase.PERSON_TYPE (NAME_,TITLE) values (?,?)
17:51:55:385 DEBUG insert into simplecase.PERSON_TYPE (NAME_,TITLE) values (?,?)
17:51:55:397 DEBUG update simplecase.PERSON_TYPE set PERSON_GROUP__HJID=? where HJID=?
17:51:55:398 DEBUG update simplecase.PERSON_TYPE set PERSON_GROUP__HJID=? where HJID=?
17:51:55:399 DEBUG update simplecase.PERSON_TYPE set PERSON_GROUP__HJID=? where HJID=?
17:51:55:407 TRACE Saved object:
<?xml version="1.0" encoding="UTF-8" standalone="yes"?>
<group Hjid="1" xmlns="http://example.org/simplecase">
    <person Hjid="1">
        <name>Alice</name>
        <title>Engineer</title>
    </person>
    <person Hjid="2">
        <name>Bob</name>
        <title>Manager</title>
    </person>
    <person Hjid="3">
        <name>Charlie</name>
        <title>Intern</title>
    </person>
</group>

17:51:55:408 DEBUG Loading the persisted sample.
17:51:55:429 DEBUG select g1_0.HJID,p1_0.PERSON_GROUP__HJID,p1_0.HJID,p1_0.NAME_,p1_0.TITLE from simplecase.GROUP_ g1_0 left join simplecase.PERSON_TYPE p1_0 on g1_0.HJID=p1_0.PERSON_GROUP__HJID where g1_0.HJID=?
17:51:55:435 TRACE Loaded object:
<?xml version="1.0" encoding="UTF-8" standalone="yes"?>
<group Hjid="1" xmlns="http://example.org/simplecase">
    <person Hjid="1">
        <name>Alice</name>
        <title>Engineer</title>
    </person>
    <person Hjid="2">
        <name>Bob</name>
        <title>Manager</title>
    </person>
    <person Hjid="3">
        <name>Charlie</name>
        <title>Intern</title>
    </person>
</group>

17:51:55:437 DEBUG Checking the sample object identity: Etalon vs Loaded.
17:51:55:439 DEBUG Objects are NOT equal!
17:51:55:439 DEBUG LHS: {(Group@995ad50).person[0].age.isSet} -> true
17:51:55:439 DEBUG RHS: {(Group@2d38db6f).person[0].age.isSet} -> false
17:51:55:439 DEBUG Objects are NOT equal!
17:51:55:440 DEBUG LHS: {(Group@995ad50).person[0]} -> PersonType@698f4aa[Alice, 30, Engineer]
17:51:55:441 DEBUG RHS: {(Group@2d38db6f).person[0]} -> PersonType@7ffcb232[Alice, <null>, Engineer]
17:51:55:441 DEBUG Objects are NOT equal!
17:51:55:441 DEBUG LHS: {(Group@995ad50).person} -> java.util.ArrayList[3]
17:51:55:441 DEBUG RHS: {(Group@2d38db6f).person} -> org.hibernate.collection.spi.PersistentBag[3]
17:51:55:441 DEBUG Objects are NOT equal!
17:51:55:441 DEBUG LHS: {(Group@995ad50)} -> Group@995ad50[<size=3>]
17:51:55:441 DEBUG RHS: {(Group@2d38db6f)} -> Group@2d38db6f[<size=3>]
17:51:55:443 ERROR Testing sample [simple.xml] failed the check.
org.opentest4j.AssertionFailedError: Objects NOT equal. Use DEBUG for location details. ==> expected: <true> but was: <false>
	at org.junit.jupiter.api.AssertionFailureBuilder.build(AssertionFailureBuilder.java:151)
	at org.junit.jupiter.api.AssertionFailureBuilder.buildAndThrow(AssertionFailureBuilder.java:132)
	at org.junit.jupiter.api.AssertTrue.failNotTrue(AssertTrue.java:63)
	at org.junit.jupiter.api.AssertTrue.assertTrue(AssertTrue.java:36)
	at org.junit.jupiter.api.Assertions.assertTrue(Assertions.java:214)
	at org.jvnet.hyperjaxb.ejb.test.RoundtripTest.checkObjects(RoundtripTest.java:221)
	at org.jvnet.hyperjaxb.ejb.test.RoundtripTest.checkSample(RoundtripTest.java:170)
	at org.jvnet.hyperjaxb.ejb.test.RoundtripTest.checkSample(RoundtripTest.java:48)
	at org.jvnet.hyperjaxb.ejb.test.AbstractEntityManagerSamplesTest$1.checkSample(AbstractEntityManagerSamplesTest.java:83)
	at org.jvnet.basicjaxb.testing.AbstractSamplesTest.testSamples(AbstractSamplesTest.java:245)
	at org.jvnet.hyperjaxb.ejb.test.AbstractEntityManagerSamplesTest.testSamples(AbstractEntityManagerSamplesTest.java:72)
	at java.base/jdk.internal.reflect.DirectMethodHandleAccessor.invoke(DirectMethodHandleAccessor.java:103)
	at java.base/java.lang.reflect.Method.invoke(Method.java:580)
	at org.junit.platform.commons.util.ReflectionUtils.invokeMethod(ReflectionUtils.java:728)
	at org.junit.jupiter.engine.execution.MethodInvocation.proceed(MethodInvocation.java:60)
	at org.junit.jupiter.engine.execution.InvocationInterceptorChain$ValidatingInvocation.proceed(InvocationInterceptorChain.java:131)
	at org.junit.jupiter.engine.extension.TimeoutExtension.intercept(TimeoutExtension.java:156)
	at org.junit.jupiter.engine.extension.TimeoutExtension.interceptTestableMethod(TimeoutExtension.java:147)
	at org.junit.jupiter.engine.extension.TimeoutExtension.interceptTestMethod(TimeoutExtension.java:86)
	at org.junit.jupiter.engine.execution.InterceptingExecutableInvoker$ReflectiveInterceptorCall.lambda$ofVoidMethod$0(InterceptingExecutableInvoker.java:103)
	at org.junit.jupiter.engine.execution.InterceptingExecutableInvoker.lambda$invoke$0(InterceptingExecutableInvoker.java:93)
	at org.junit.jupiter.engine.execution.InvocationInterceptorChain$InterceptedInvocation.proceed(InvocationInterceptorChain.java:106)
	at org.junit.jupiter.engine.execution.InvocationInterceptorChain.proceed(InvocationInterceptorChain.java:64)
	at org.junit.jupiter.engine.execution.InvocationInterceptorChain.chainAndInvoke(InvocationInterceptorChain.java:45)
	at org.junit.jupiter.engine.execution.InvocationInterceptorChain.invoke(InvocationInterceptorChain.java:37)
	at org.junit.jupiter.engine.execution.InterceptingExecutableInvoker.invoke(InterceptingExecutableInvoker.java:92)
	at org.junit.jupiter.engine.execution.InterceptingExecutableInvoker.invoke(InterceptingExecutableInvoker.java:86)
	at org.junit.jupiter.engine.descriptor.TestMethodTestDescriptor.lambda$invokeTestMethod$7(TestMethodTestDescriptor.java:218)
	at org.junit.platform.engine.support.hierarchical.ThrowableCollector.execute(ThrowableCollector.java:73)
	at org.junit.jupiter.engine.descriptor.TestMethodTestDescriptor.invokeTestMethod(TestMethodTestDescriptor.java:214)
	at org.junit.jupiter.engine.descriptor.TestMethodTestDescriptor.execute(TestMethodTestDescriptor.java:139)
	at org.junit.jupiter.engine.descriptor.TestMethodTestDescriptor.execute(TestMethodTestDescriptor.java:69)
	at org.junit.platform.engine.support.hierarchical.NodeTestTask.lambda$executeRecursively$6(NodeTestTask.java:151)
	at org.junit.platform.engine.support.hierarchical.ThrowableCollector.execute(ThrowableCollector.java:73)
	at org.junit.platform.engine.support.hierarchical.NodeTestTask.lambda$executeRecursively$8(NodeTestTask.java:141)
	at org.junit.platform.engine.support.hierarchical.Node.around(Node.java:137)
	at org.junit.platform.engine.support.hierarchical.NodeTestTask.lambda$executeRecursively$9(NodeTestTask.java:139)
	at org.junit.platform.engine.support.hierarchical.ThrowableCollector.execute(ThrowableCollector.java:73)
	at org.junit.platform.engine.support.hierarchical.NodeTestTask.executeRecursively(NodeTestTask.java:138)
	at org.junit.platform.engine.support.hierarchical.NodeTestTask.execute(NodeTestTask.java:95)
	at java.base/java.util.ArrayList.forEach(ArrayList.java:1596)
	at org.junit.platform.engine.support.hierarchical.SameThreadHierarchicalTestExecutorService.invokeAll(SameThreadHierarchicalTestExecutorService.java:41)
	at org.junit.platform.engine.support.hierarchical.NodeTestTask.lambda$executeRecursively$6(NodeTestTask.java:155)
	at org.junit.platform.engine.support.hierarchical.ThrowableCollector.execute(ThrowableCollector.java:73)
	at org.junit.platform.engine.support.hierarchical.NodeTestTask.lambda$executeRecursively$8(NodeTestTask.java:141)
	at org.junit.platform.engine.support.hierarchical.Node.around(Node.java:137)
	at org.junit.platform.engine.support.hierarchical.NodeTestTask.lambda$executeRecursively$9(NodeTestTask.java:139)
	at org.junit.platform.engine.support.hierarchical.ThrowableCollector.execute(ThrowableCollector.java:73)
	at org.junit.platform.engine.support.hierarchical.NodeTestTask.executeRecursively(NodeTestTask.java:138)
	at org.junit.platform.engine.support.hierarchical.NodeTestTask.execute(NodeTestTask.java:95)
	at java.base/java.util.ArrayList.forEach(ArrayList.java:1596)
	at org.junit.platform.engine.support.hierarchical.SameThreadHierarchicalTestExecutorService.invokeAll(SameThreadHierarchicalTestExecutorService.java:41)
	at org.junit.platform.engine.support.hierarchical.NodeTestTask.lambda$executeRecursively$6(NodeTestTask.java:155)
	at org.junit.platform.engine.support.hierarchical.ThrowableCollector.execute(ThrowableCollector.java:73)
	at org.junit.platform.engine.support.hierarchical.NodeTestTask.lambda$executeRecursively$8(NodeTestTask.java:141)
	at org.junit.platform.engine.support.hierarchical.Node.around(Node.java:137)
	at org.junit.platform.engine.support.hierarchical.NodeTestTask.lambda$executeRecursively$9(NodeTestTask.java:139)
	at org.junit.platform.engine.support.hierarchical.ThrowableCollector.execute(ThrowableCollector.java:73)
	at org.junit.platform.engine.support.hierarchical.NodeTestTask.executeRecursively(NodeTestTask.java:138)
	at org.junit.platform.engine.support.hierarchical.NodeTestTask.execute(NodeTestTask.java:95)
	at org.junit.platform.engine.support.hierarchical.SameThreadHierarchicalTestExecutorService.submit(SameThreadHierarchicalTestExecutorService.java:35)
	at org.junit.platform.engine.support.hierarchical.HierarchicalTestExecutor.execute(HierarchicalTestExecutor.java:57)
	at org.junit.platform.engine.support.hierarchical.HierarchicalTestEngine.execute(HierarchicalTestEngine.java:54)
	at org.junit.platform.launcher.core.EngineExecutionOrchestrator.execute(EngineExecutionOrchestrator.java:198)
	at org.junit.platform.launcher.core.EngineExecutionOrchestrator.execute(EngineExecutionOrchestrator.java:169)
	at org.junit.platform.launcher.core.EngineExecutionOrchestrator.execute(EngineExecutionOrchestrator.java:93)
	at org.junit.platform.launcher.core.EngineExecutionOrchestrator.lambda$execute$0(EngineExecutionOrchestrator.java:58)
	at org.junit.platform.launcher.core.EngineExecutionOrchestrator.withInterceptedStreams(EngineExecutionOrchestrator.java:141)
	at org.junit.platform.launcher.core.EngineExecutionOrchestrator.execute(EngineExecutionOrchestrator.java:57)
	at org.junit.platform.launcher.core.DefaultLauncher.execute(DefaultLauncher.java:103)
	at org.junit.platform.launcher.core.DefaultLauncher.execute(DefaultLauncher.java:85)
	at org.junit.platform.launcher.core.DelegatingLauncher.execute(DelegatingLauncher.java:47)
	at org.apache.maven.surefire.junitplatform.LazyLauncher.execute(LazyLauncher.java:56)
	at org.apache.maven.surefire.junitplatform.JUnitPlatformProvider.execute(JUnitPlatformProvider.java:184)
	at org.apache.maven.surefire.junitplatform.JUnitPlatformProvider.invokeAllTests(JUnitPlatformProvider.java:148)
	at org.apache.maven.surefire.junitplatform.JUnitPlatformProvider.invoke(JUnitPlatformProvider.java:122)
	at org.apache.maven.surefire.booter.ForkedBooter.runSuitesInProcess(ForkedBooter.java:385)
	at org.apache.maven.surefire.booter.ForkedBooter.execute(ForkedBooter.java:162)
	at org.apache.maven.surefire.booter.ForkedBooter.run(ForkedBooter.java:507)
	at org.apache.maven.surefire.booter.ForkedBooter.main(ForkedBooter.java:495)
17:51:55:445 INFO Testing sample, FAILURE [simple.xml].
17:51:55:446 DEBUG Testing samples, finish
]]></system-out>
  </testcase>
</testsuite>