<?xml version="1.0" encoding="UTF-8"?>
<testsuite xmlns:xsi="http://www.w3.org/2001/XMLSchema-instance" xsi:noNamespaceSchemaLocation="https://maven.apache.org/surefire/maven-surefire-plugin/xsd/surefire-test-report-3.0.xsd" version="3.0" name="org.example.root_header.RoundtripTest" time="2.796" tests="1" errors="0" skipped="0" failures="0">
  <properties>
[...]
</properties>
  <testcase name="testSamples" classname="org.example.root_header.RoundtripTest" time="2.782">
    <system-out><![CDATA[16:36:30:160 INFO EMF: Detected [file:/C:/Users/gerth/source/repos/3l-gee/cheatSheet/hyper-jaxb/target/classes/META-INF/persistence.xml].
16:36:30:160 DEBUG Loading entity manager factory properties.
16:36:30:160 INFO EMF: Loading [file:/C:/Users/gerth/source/repos/3l-gee/cheatSheet/hyper-jaxb/target/classes/persistence.properties].
16:36:30:160 DEBUG Loading more entity manager factory properties.
16:36:30:160 INFO EMF: Loading [file:/C:/Users/gerth/source/repos/3l-gee/cheatSheet/hyper-jaxb/target/classes/persistence-pg.properties].
16:36:32:341 DEBUG alter table if exists biscuit.CHOCOLATE_BISCUIT drop constraint if exists FKem5l6wplur6i9e92w1gir8r1h
16:36:32:347 DEBUG alter table if exists biscuit.INGREDIENTS drop constraint if exists FKkwvyfj2a2elwkjd2jx2857odi
16:36:32:347 DEBUG alter table if exists biscuit.INGREDIENTS drop constraint if exists FKawft386hlelp4l698eb8l3tn3
16:36:32:347 DEBUG alter table if exists biscuit.INGREDIENTS_ALLERGENS drop constraint if exists FKmrhiuvvlnlojhqdk02u1mlt47
16:36:32:347 DEBUG alter table if exists biscuit.JAM_BISCUIT drop constraint if exists FK38bgt6wl6h6kknq4mv3ubgdkc
16:36:32:347 DEBUG alter table if exists biscuit.RECIPE drop constraint if exists FKe83r6pn3b7n78iq42gig826jq
16:36:32:347 DEBUG alter table if exists biscuit.RECIPE drop constraint if exists FKh81jk38oyypitabc2ofxh4lkc
16:36:32:347 DEBUG alter table if exists biscuit.RECIPE drop constraint if exists FK97dy4i4dab1dbapni5my5vfw3
16:36:32:347 DEBUG alter table if exists biscuit.RECIPE drop constraint if exists FKtecmlbqu44kmvfvtdgcrlbjwt
16:36:32:347 DEBUG alter table if exists biscuit.RECIPE drop constraint if exists FK8ykfpbgxw1falcb68dtp5pvqd
16:36:32:347 DEBUG alter table if exists biscuit.RECIPE drop constraint if exists FKptrj77pdotcqbb9egn1a4wst0
16:36:32:347 DEBUG alter table if exists biscuit.RECIPE_STEP drop constraint if exists FK77fa6nclm2jd8lr8mb1et24cl
16:36:32:347 DEBUG alter table if exists biscuit.SWEETENER_CHOICE drop constraint if exists FKsmp44vgytmxs7f3pi8q59uwot
16:36:32:347 DEBUG alter table if exists biscuit.SWEETENER_CHOICE drop constraint if exists FK5ts950wfqqqlpr5ox2q6lpri4
16:36:32:347 DEBUG alter table if exists biscuit.SWEETENER_CHOICE drop constraint if exists FKd8cohloqiyg60hhgvg9fu9cy0
16:36:32:347 DEBUG drop table if exists biscuit.ABSTRACT_BISCUIT cascade
16:36:32:379 DEBUG drop table if exists biscuit.CHOCOLATE_BISCUIT cascade
16:36:32:383 DEBUG drop table if exists biscuit.INGREDIENT_AMOUNT cascade
16:36:32:383 DEBUG drop table if exists biscuit.INGREDIENTS cascade
16:36:32:395 DEBUG drop table if exists biscuit.INGREDIENTS_ALLERGENS cascade
16:36:32:395 DEBUG drop table if exists biscuit.JAM_BISCUIT cascade
16:36:32:412 DEBUG drop table if exists biscuit.NOTES cascade
16:36:32:423 DEBUG drop table if exists biscuit.RECIPE cascade
16:36:32:426 DEBUG drop table if exists biscuit.RECIPE_BOOK cascade
16:36:32:426 DEBUG drop table if exists biscuit.RECIPE_STEP cascade
16:36:32:441 DEBUG drop table if exists biscuit.SWEETENER_CHOICE cascade
16:36:32:441 DEBUG drop table if exists biscuit.TRAY_TYPE cascade
16:36:32:457 DEBUG create table biscuit.ABSTRACT_BISCUIT (HJID bigserial not null, FLOUR varchar(255) check (FLOUR in ('WHEAT','RYE','OAT','CORN','GLUTEN_FREE')), SHAPE varchar(255) check (SHAPE in ('ROUND','SQUARE','STAR','HEART')), primary key (HJID))
16:36:32:473 DEBUG create table biscuit.CHOCOLATE_BISCUIT (COCOA_CONTENT integer, HJID bigint not null, primary key (HJID))
16:36:32:484 DEBUG create table biscuit.INGREDIENT_AMOUNT (VALUE_ numeric(20,10), HJID bigserial not null, UNIT varchar(255), primary key (HJID))
16:36:32:489 DEBUG create table biscuit.INGREDIENTS (AMOUNT_INGREDIENTS_HJID bigint, HJID bigserial not null, INGREDIENTS_RECIPE_HJID bigint, NAME_ varchar(255), primary key (HJID))
16:36:32:489 DEBUG create table biscuit.INGREDIENTS_ALLERGENS (HJINDEX integer not null, HJID bigint not null, HJVALUE varchar(255), primary key (HJINDEX, HJID))
16:36:32:489 DEBUG create table biscuit.JAM_BISCUIT (HJID bigint not null, JAM_FLAVOR varchar(255), primary key (HJID))
16:36:32:505 DEBUG create table biscuit.NOTES (HJID bigserial not null, LANGUAGE_ varchar(255), VALUE_ varchar(255), primary key (HJID))
16:36:32:514 DEBUG create table biscuit.RECIPE (BISCUIT_NOTES_ITEM_RECIPE_HJ_0 bigint, BISCUIT_VALUE_RECIPE_HJID bigint, CREATED_ITEM timestamp(6), HJID bigserial not null, RECIPE_NOTES_ITEM_RECIPE_HJID bigint, RECIPE_RECIPE_BOOK_HJID bigint, SWEETENER_RECIPE_HJID bigint, TRAY_RECIPE_HJID bigint, UPDATED_ITEM timestamp(6), BISCUIT_NAME varchar(255), DIFFICULTY varchar(255), TITLE varchar(255), primary key (HJID))
16:36:32:523 DEBUG create table biscuit.RECIPE_BOOK (HJID bigserial not null, primary key (HJID))
16:36:32:527 DEBUG create table biscuit.RECIPE_STEP (STEP_NUMBER integer, HJID bigserial not null, STEPS_RECIPE_HJID bigint, DURATION varchar(255), INSTRUCTION varchar(255), primary key (HJID))
16:36:32:536 DEBUG create table biscuit.SWEETENER_CHOICE (HJID bigserial not null, HONEY_SWEETENER_CHOICE_HJID bigint, SUGAR_SWEETENER_CHOICE_HJID bigint, SYRUP_SWEETENER_CHOICE_HJID bigint, primary key (HJID))
16:36:32:542 DEBUG create table biscuit.TRAY_TYPE (LENGTH_ numeric(20,10), WIDTH numeric(20,10), HJID bigserial not null, MATERIAL varchar(255), primary key (HJID))
16:36:32:547 DEBUG alter table if exists biscuit.CHOCOLATE_BISCUIT add constraint FKem5l6wplur6i9e92w1gir8r1h foreign key (HJID) references biscuit.ABSTRACT_BISCUIT
16:36:32:548 DEBUG alter table if exists biscuit.INGREDIENTS add constraint FKkwvyfj2a2elwkjd2jx2857odi foreign key (AMOUNT_INGREDIENTS_HJID) references biscuit.INGREDIENT_AMOUNT
16:36:32:549 DEBUG alter table if exists biscuit.INGREDIENTS add constraint FKawft386hlelp4l698eb8l3tn3 foreign key (INGREDIENTS_RECIPE_HJID) references biscuit.RECIPE
16:36:32:549 DEBUG alter table if exists biscuit.INGREDIENTS_ALLERGENS add constraint FKmrhiuvvlnlojhqdk02u1mlt47 foreign key (HJID) references biscuit.INGREDIENTS
16:36:32:549 DEBUG alter table if exists biscuit.JAM_BISCUIT add constraint FK38bgt6wl6h6kknq4mv3ubgdkc foreign key (HJID) references biscuit.ABSTRACT_BISCUIT
16:36:32:549 DEBUG alter table if exists biscuit.RECIPE add constraint FKe83r6pn3b7n78iq42gig826jq foreign key (BISCUIT_NOTES_ITEM_RECIPE_HJ_0) references biscuit.NOTES
16:36:32:549 DEBUG alter table if exists biscuit.RECIPE add constraint FKh81jk38oyypitabc2ofxh4lkc foreign key (BISCUIT_VALUE_RECIPE_HJID) references biscuit.ABSTRACT_BISCUIT
16:36:32:549 DEBUG alter table if exists biscuit.RECIPE add constraint FK97dy4i4dab1dbapni5my5vfw3 foreign key (RECIPE_NOTES_ITEM_RECIPE_HJID) references biscuit.NOTES
16:36:32:549 DEBUG alter table if exists biscuit.RECIPE add constraint FKtecmlbqu44kmvfvtdgcrlbjwt foreign key (SWEETENER_RECIPE_HJID) references biscuit.SWEETENER_CHOICE
16:36:32:549 DEBUG alter table if exists biscuit.RECIPE add constraint FK8ykfpbgxw1falcb68dtp5pvqd foreign key (TRAY_RECIPE_HJID) references biscuit.TRAY_TYPE
16:36:32:549 DEBUG alter table if exists biscuit.RECIPE add constraint FKptrj77pdotcqbb9egn1a4wst0 foreign key (RECIPE_RECIPE_BOOK_HJID) references biscuit.RECIPE_BOOK
16:36:32:549 DEBUG alter table if exists biscuit.RECIPE_STEP add constraint FK77fa6nclm2jd8lr8mb1et24cl foreign key (STEPS_RECIPE_HJID) references biscuit.RECIPE
16:36:32:549 DEBUG alter table if exists biscuit.SWEETENER_CHOICE add constraint FKsmp44vgytmxs7f3pi8q59uwot foreign key (HONEY_SWEETENER_CHOICE_HJID) references biscuit.INGREDIENT_AMOUNT
16:36:32:549 DEBUG alter table if exists biscuit.SWEETENER_CHOICE add constraint FK5ts950wfqqqlpr5ox2q6lpri4 foreign key (SUGAR_SWEETENER_CHOICE_HJID) references biscuit.INGREDIENT_AMOUNT
16:36:32:549 DEBUG alter table if exists biscuit.SWEETENER_CHOICE add constraint FKd8cohloqiyg60hhgvg9fu9cy0 foreign key (SYRUP_SWEETENER_CHOICE_HJID) references biscuit.INGREDIENT_AMOUNT
16:36:32:569 DEBUG Testing samples, start
16:36:32:569 INFO Testing directory [C:\Users\gerth\source\repos\3l-gee\cheatSheet\hyper-jaxb\src\test\samples].
16:36:32:569 DEBUG Testing sample, start [biscuit.xml].
16:36:32:659 DEBUG Unmarshalling sample.
16:36:32:660 DEBUG Unmarshalling etalon.
16:36:32:694 TRACE Etalon object:
<?xml version="1.0" encoding="UTF-8" standalone="yes"?>
<recipeBook xmlns="http://example.org/biscuits">
    <recipe difficulty="EASY" created="2025-09-01T10:00:00" updated="2025-09-05T09:15:00">
        <title>Classic Chocolate Biscuits</title>
        <ingredients>
            <name>Flour</name>
            <amount unit="g">250</amount>
            <allergens>GLUTEN EGGS</allergens>
        </ingredients>
        <ingredients>
            <name>Butter</name>
            <amount unit="g">100</amount>
            <allergens>MILK</allergens>
        </ingredients>
        <ingredients>
            <name>Cocoa Powder</name>
            <amount unit="g">50</amount>
        </ingredients>
        <sweetener>
            <sugar unit="g">80</sugar>
        </sweetener>
        <steps stepNumber="1">
            <instruction>Sift flour and cocoa together.</instruction>
            <duration>5</duration>
        </steps>
        <steps stepNumber="2">
            <instruction>Mix with butter until crumbly.</instruction>
        </steps>
        <steps stepNumber="3">
            <instruction>Bake until crisp.</instruction>
            <duration>15</duration>
        </steps>
        <tray material="metal">
            <length>30</length>
            <width>20</width>
        </tray>
        <chocolateBiscuit shape="ROUND" flour="WHEAT">
            <cocoaContent>70</cocoaContent>
        </chocolateBiscuit>
        <recipeNotes language="en">Use a firm jam to avoid soggy centers.</recipeNotes>
        <biscuitNotes language="en">Cut a small vent in the top to prevent bubbling.</biscuitNotes>
    </recipe>
    <recipe difficulty="MEDIUM" created="2025-09-02T14:30:00" updated="2025-09-06T12:00:00">
        <title>Jam-Filled Biscuits</title>
        <ingredients>
            <name>Flour</name>
            <amount unit="g">200</amount>
            <allergens>GLUTEN</allergens>
        </ingredients>
        <ingredients>
            <name>Butter</name>
            <amount unit="g">120</amount>
            <allergens>MILK</allergens>
        </ingredients>
        <ingredients>
            <name>Strawberry Jam</name>
            <amount unit="tbsp">3</amount>
        </ingredients>
        <sweetener>
            <honey unit="ml">50</honey>
        </sweetener>
        <steps stepNumber="1">
            <instruction>Mix flour and butter into dough.</instruction>
        </steps>
        <steps stepNumber="2">
            <instruction>Roll out and cut shapes.</instruction>
        </steps>
        <steps stepNumber="3">
            <instruction>Add jam filling and bake.</instruction>
            <duration>other:untilGolden</duration>
        </steps>
        <tray material="ceramic">
            <length>25</length>
            <width>25</width>
        </tray>
        <jamBiscuit shape="HEART" flour="RYE">
            <jamFlavor>Strawberry</jamFlavor>
        </jamBiscuit>
        <recipeNotes language="en">Keep dough chilled 30 minutes before rolling.</recipeNotes>
        <biscuitNotes language="en">Store in an airtight container; best eaten within 3 days.</biscuitNotes>
    </recipe>
</recipeBook>

16:36:32:694 DEBUG Persisting the unmarshalled sample.
16:36:32:753 DEBUG insert into biscuit.RECIPE_BOOK default values
16:36:32:753 DEBUG insert into biscuit.NOTES (LANGUAGE_,VALUE_) values (?,?)
16:36:32:769 DEBUG insert into biscuit.ABSTRACT_BISCUIT (FLOUR,SHAPE) values (?,?)
16:36:32:769 DEBUG insert into biscuit.CHOCOLATE_BISCUIT (COCOA_CONTENT,HJID) values (?,?)
16:36:32:769 DEBUG insert into biscuit.NOTES (LANGUAGE_,VALUE_) values (?,?)
16:36:32:778 DEBUG insert into biscuit.INGREDIENT_AMOUNT (UNIT,VALUE_) values (?,?)
16:36:32:778 DEBUG insert into biscuit.SWEETENER_CHOICE (HONEY_SWEETENER_CHOICE_HJID,SUGAR_SWEETENER_CHOICE_HJID,SYRUP_SWEETENER_CHOICE_HJID) values (?,?,?)
16:36:32:784 DEBUG insert into biscuit.TRAY_TYPE (LENGTH_,MATERIAL,WIDTH) values (?,?,?)
16:36:32:793 DEBUG insert into biscuit.RECIPE (BISCUIT_NAME,BISCUIT_NOTES_ITEM_RECIPE_HJ_0,BISCUIT_VALUE_RECIPE_HJID,CREATED_ITEM,DIFFICULTY,RECIPE_NOTES_ITEM_RECIPE_HJID,SWEETENER_RECIPE_HJID,TITLE,TRAY_RECIPE_HJID,UPDATED_ITEM) values (?,?,?,?,?,?,?,?,?,?)
16:36:32:793 DEBUG insert into biscuit.INGREDIENT_AMOUNT (UNIT,VALUE_) values (?,?)
16:36:32:793 DEBUG insert into biscuit.INGREDIENTS (AMOUNT_INGREDIENTS_HJID,NAME_) values (?,?)
16:36:32:801 DEBUG insert into biscuit.INGREDIENT_AMOUNT (UNIT,VALUE_) values (?,?)
16:36:32:801 DEBUG insert into biscuit.INGREDIENTS (AMOUNT_INGREDIENTS_HJID,NAME_) values (?,?)
16:36:32:801 DEBUG insert into biscuit.INGREDIENT_AMOUNT (UNIT,VALUE_) values (?,?)
16:36:32:801 DEBUG insert into biscuit.INGREDIENTS (AMOUNT_INGREDIENTS_HJID,NAME_) values (?,?)
16:36:32:801 DEBUG insert into biscuit.RECIPE_STEP (DURATION,INSTRUCTION,STEP_NUMBER) values (?,?,?)
16:36:32:801 DEBUG insert into biscuit.RECIPE_STEP (DURATION,INSTRUCTION,STEP_NUMBER) values (?,?,?)
16:36:32:801 DEBUG insert into biscuit.RECIPE_STEP (DURATION,INSTRUCTION,STEP_NUMBER) values (?,?,?)
16:36:32:801 DEBUG insert into biscuit.NOTES (LANGUAGE_,VALUE_) values (?,?)
16:36:32:801 DEBUG insert into biscuit.ABSTRACT_BISCUIT (FLOUR,SHAPE) values (?,?)
16:36:32:801 DEBUG insert into biscuit.JAM_BISCUIT (JAM_FLAVOR,HJID) values (?,?)
16:36:32:801 DEBUG insert into biscuit.NOTES (LANGUAGE_,VALUE_) values (?,?)
16:36:32:801 DEBUG insert into biscuit.INGREDIENT_AMOUNT (UNIT,VALUE_) values (?,?)
16:36:32:801 DEBUG insert into biscuit.SWEETENER_CHOICE (HONEY_SWEETENER_CHOICE_HJID,SUGAR_SWEETENER_CHOICE_HJID,SYRUP_SWEETENER_CHOICE_HJID) values (?,?,?)
16:36:32:801 DEBUG insert into biscuit.TRAY_TYPE (LENGTH_,MATERIAL,WIDTH) values (?,?,?)
16:36:32:801 DEBUG insert into biscuit.RECIPE (BISCUIT_NAME,BISCUIT_NOTES_ITEM_RECIPE_HJ_0,BISCUIT_VALUE_RECIPE_HJID,CREATED_ITEM,DIFFICULTY,RECIPE_NOTES_ITEM_RECIPE_HJID,SWEETENER_RECIPE_HJID,TITLE,TRAY_RECIPE_HJID,UPDATED_ITEM) values (?,?,?,?,?,?,?,?,?,?)
16:36:32:801 DEBUG insert into biscuit.INGREDIENT_AMOUNT (UNIT,VALUE_) values (?,?)
16:36:32:801 DEBUG insert into biscuit.INGREDIENTS (AMOUNT_INGREDIENTS_HJID,NAME_) values (?,?)
16:36:32:801 DEBUG insert into biscuit.INGREDIENT_AMOUNT (UNIT,VALUE_) values (?,?)
16:36:32:817 DEBUG insert into biscuit.INGREDIENTS (AMOUNT_INGREDIENTS_HJID,NAME_) values (?,?)
16:36:32:817 DEBUG insert into biscuit.INGREDIENT_AMOUNT (UNIT,VALUE_) values (?,?)
16:36:32:819 DEBUG insert into biscuit.INGREDIENTS (AMOUNT_INGREDIENTS_HJID,NAME_) values (?,?)
16:36:32:819 DEBUG insert into biscuit.RECIPE_STEP (DURATION,INSTRUCTION,STEP_NUMBER) values (?,?,?)
16:36:32:821 DEBUG insert into biscuit.RECIPE_STEP (DURATION,INSTRUCTION,STEP_NUMBER) values (?,?,?)
16:36:32:821 DEBUG insert into biscuit.RECIPE_STEP (DURATION,INSTRUCTION,STEP_NUMBER) values (?,?,?)
16:36:32:837 DEBUG update biscuit.RECIPE set RECIPE_RECIPE_BOOK_HJID=? where HJID=?
16:36:32:839 DEBUG update biscuit.RECIPE set RECIPE_RECIPE_BOOK_HJID=? where HJID=?
16:36:32:840 DEBUG update biscuit.INGREDIENTS set INGREDIENTS_RECIPE_HJID=? where HJID=?
16:36:32:841 DEBUG update biscuit.INGREDIENTS set INGREDIENTS_RECIPE_HJID=? where HJID=?
16:36:32:841 DEBUG update biscuit.INGREDIENTS set INGREDIENTS_RECIPE_HJID=? where HJID=?
16:36:32:842 DEBUG update biscuit.RECIPE_STEP set STEPS_RECIPE_HJID=? where HJID=?
16:36:32:842 DEBUG update biscuit.RECIPE_STEP set STEPS_RECIPE_HJID=? where HJID=?
16:36:32:842 DEBUG update biscuit.RECIPE_STEP set STEPS_RECIPE_HJID=? where HJID=?
16:36:32:844 DEBUG insert into biscuit.INGREDIENTS_ALLERGENS (HJID,HJINDEX,HJVALUE) values (?,?,?)
16:36:32:844 DEBUG insert into biscuit.INGREDIENTS_ALLERGENS (HJID,HJINDEX,HJVALUE) values (?,?,?)
16:36:32:846 DEBUG insert into biscuit.INGREDIENTS_ALLERGENS (HJID,HJINDEX,HJVALUE) values (?,?,?)
16:36:32:846 DEBUG update biscuit.INGREDIENTS set INGREDIENTS_RECIPE_HJID=? where HJID=?
16:36:32:846 DEBUG update biscuit.INGREDIENTS set INGREDIENTS_RECIPE_HJID=? where HJID=?
16:36:32:846 DEBUG update biscuit.INGREDIENTS set INGREDIENTS_RECIPE_HJID=? where HJID=?
16:36:32:847 DEBUG update biscuit.RECIPE_STEP set STEPS_RECIPE_HJID=? where HJID=?
16:36:32:847 DEBUG update biscuit.RECIPE_STEP set STEPS_RECIPE_HJID=? where HJID=?
16:36:32:848 DEBUG update biscuit.RECIPE_STEP set STEPS_RECIPE_HJID=? where HJID=?
16:36:32:848 DEBUG insert into biscuit.INGREDIENTS_ALLERGENS (HJID,HJINDEX,HJVALUE) values (?,?,?)
16:36:32:849 DEBUG insert into biscuit.INGREDIENTS_ALLERGENS (HJID,HJINDEX,HJVALUE) values (?,?,?)
16:36:32:856 TRACE Saved object:
<?xml version="1.0" encoding="UTF-8" standalone="yes"?>
<recipeBook Hjid="1" xmlns="http://example.org/biscuits">
    <recipe difficulty="EASY" created="2025-09-01T10:00:00.000" updated="2025-09-05T09:15:00.000" Hjid="1">
        <title>Classic Chocolate Biscuits</title>
        <ingredients Hjid="1">
            <name>Flour</name>
            <amount unit="g" Hjid="2">250</amount>
            <allergens>GLUTEN EGGS</allergens>
        </ingredients>
        <ingredients Hjid="2">
            <name>Butter</name>
            <amount unit="g" Hjid="3">100</amount>
            <allergens>MILK</allergens>
        </ingredients>
        <ingredients Hjid="3">
            <name>Cocoa Powder</name>
            <amount unit="g" Hjid="4">50</amount>
            <allergens></allergens>
        </ingredients>
        <sweetener Hjid="1">
            <sugar unit="g" Hjid="1">80</sugar>
        </sweetener>
        <steps stepNumber="1" Hjid="1">
            <instruction>Sift flour and cocoa together.</instruction>
            <duration>5</duration>
        </steps>
        <steps stepNumber="2" Hjid="2">
            <instruction>Mix with butter until crumbly.</instruction>
        </steps>
        <steps stepNumber="3" Hjid="3">
            <instruction>Bake until crisp.</instruction>
            <duration>15</duration>
        </steps>
        <tray material="metal" Hjid="1">
            <length>30</length>
            <width>20</width>
        </tray>
        <chocolateBiscuit shape="ROUND" flour="WHEAT" Hjid="1">
            <cocoaContent>70</cocoaContent>
        </chocolateBiscuit>
        <recipeNotes language="en" Hjid="2">Use a firm jam to avoid soggy centers.</recipeNotes>
        <biscuitNotes language="en" Hjid="1">Cut a small vent in the top to prevent bubbling.</biscuitNotes>
    </recipe>
    <recipe difficulty="MEDIUM" created="2025-09-02T14:30:00.000" updated="2025-09-06T12:00:00.000" Hjid="2">
        <title>Jam-Filled Biscuits</title>
        <ingredients Hjid="4">
            <name>Flour</name>
            <amount unit="g" Hjid="6">200</amount>
            <allergens>GLUTEN</allergens>
        </ingredients>
        <ingredients Hjid="5">
            <name>Butter</name>
            <amount unit="g" Hjid="7">120</amount>
            <allergens>MILK</allergens>
        </ingredients>
        <ingredients Hjid="6">
            <name>Strawberry Jam</name>
            <amount unit="tbsp" Hjid="8">3</amount>
            <allergens></allergens>
        </ingredients>
        <sweetener Hjid="2">
            <honey unit="ml" Hjid="5">50</honey>
        </sweetener>
        <steps stepNumber="1" Hjid="4">
            <instruction>Mix flour and butter into dough.</instruction>
        </steps>
        <steps stepNumber="2" Hjid="5">
            <instruction>Roll out and cut shapes.</instruction>
        </steps>
        <steps stepNumber="3" Hjid="6">
            <instruction>Add jam filling and bake.</instruction>
            <duration>other:untilGolden</duration>
        </steps>
        <tray material="ceramic" Hjid="2">
            <length>25</length>
            <width>25</width>
        </tray>
        <jamBiscuit shape="HEART" flour="RYE" Hjid="2">
            <jamFlavor>Strawberry</jamFlavor>
        </jamBiscuit>
        <recipeNotes language="en" Hjid="4">Keep dough chilled 30 minutes before rolling.</recipeNotes>
        <biscuitNotes language="en" Hjid="3">Store in an airtight container; best eaten within 3 days.</biscuitNotes>
    </recipe>
</recipeBook>

16:36:32:858 DEBUG Loading the persisted sample.
16:36:32:878 DEBUG select rb1_0.HJID,r1_0.RECIPE_RECIPE_BOOK_HJID,r1_0.HJID,r1_0.BISCUIT_NAME,bni1_0.HJID,bni1_0.LANGUAGE_,bni1_0.VALUE_,bv1_0.HJID,case when bv1_1.HJID is not null then 1 when bv1_2.HJID is not null then 2 end,bv1_0.FLOUR,bv1_0.SHAPE,bv1_1.COCOA_CONTENT,bv1_2.JAM_FLAVOR,r1_0.CREATED_ITEM,r1_0.DIFFICULTY,rni1_0.HJID,rni1_0.LANGUAGE_,rni1_0.VALUE_,s1_0.HJID,h1_0.HJID,h1_0.UNIT,h1_0.VALUE_,s2_0.HJID,s2_0.UNIT,s2_0.VALUE_,s3_0.HJID,s3_0.UNIT,s3_0.VALUE_,r1_0.TITLE,t1_0.HJID,t1_0.LENGTH_,t1_0.MATERIAL,t1_0.WIDTH,r1_0.UPDATED_ITEM from biscuit.RECIPE_BOOK rb1_0 left join biscuit.RECIPE r1_0 on rb1_0.HJID=r1_0.RECIPE_RECIPE_BOOK_HJID left join biscuit.NOTES bni1_0 on bni1_0.HJID=r1_0.BISCUIT_NOTES_ITEM_RECIPE_HJ_0 left join (biscuit.ABSTRACT_BISCUIT bv1_0 left join biscuit.CHOCOLATE_BISCUIT bv1_1 on bv1_0.HJID=bv1_1.HJID left join biscuit.JAM_BISCUIT bv1_2 on bv1_0.HJID=bv1_2.HJID) on bv1_0.HJID=r1_0.BISCUIT_VALUE_RECIPE_HJID left join biscuit.NOTES rni1_0 on rni1_0.HJID=r1_0.RECIPE_NOTES_ITEM_RECIPE_HJID left join biscuit.SWEETENER_CHOICE s1_0 on s1_0.HJID=r1_0.SWEETENER_RECIPE_HJID left join biscuit.INGREDIENT_AMOUNT h1_0 on h1_0.HJID=s1_0.HONEY_SWEETENER_CHOICE_HJID left join biscuit.INGREDIENT_AMOUNT s2_0 on s2_0.HJID=s1_0.SUGAR_SWEETENER_CHOICE_HJID left join biscuit.INGREDIENT_AMOUNT s3_0 on s3_0.HJID=s1_0.SYRUP_SWEETENER_CHOICE_HJID left join biscuit.TRAY_TYPE t1_0 on t1_0.HJID=r1_0.TRAY_RECIPE_HJID where rb1_0.HJID=?
16:36:32:884 DEBUG select s1_0.STEPS_RECIPE_HJID,s1_0.HJID,s1_0.DURATION,s1_0.INSTRUCTION,s1_0.STEP_NUMBER from biscuit.RECIPE_STEP s1_0 where s1_0.STEPS_RECIPE_HJID=?
16:36:32:894 DEBUG select i1_0.INGREDIENTS_RECIPE_HJID,i1_0.HJID,a1_0.HJID,a1_0.UNIT,a1_0.VALUE_,i1_0.NAME_ from biscuit.INGREDIENTS i1_0 left join biscuit.INGREDIENT_AMOUNT a1_0 on a1_0.HJID=i1_0.AMOUNT_INGREDIENTS_HJID where i1_0.INGREDIENTS_RECIPE_HJID=?
16:36:32:894 DEBUG select s1_0.STEPS_RECIPE_HJID,s1_0.HJID,s1_0.DURATION,s1_0.INSTRUCTION,s1_0.STEP_NUMBER from biscuit.RECIPE_STEP s1_0 where s1_0.STEPS_RECIPE_HJID=?
16:36:32:894 DEBUG select i1_0.INGREDIENTS_RECIPE_HJID,i1_0.HJID,a1_0.HJID,a1_0.UNIT,a1_0.VALUE_,i1_0.NAME_ from biscuit.INGREDIENTS i1_0 left join biscuit.INGREDIENT_AMOUNT a1_0 on a1_0.HJID=i1_0.AMOUNT_INGREDIENTS_HJID where i1_0.INGREDIENTS_RECIPE_HJID=?
16:36:32:894 DEBUG select a1_0.HJID,a1_0.HJINDEX,a1_0.HJVALUE from biscuit.INGREDIENTS_ALLERGENS a1_0 where a1_0.HJID=?
16:36:32:894 DEBUG select a1_0.HJID,a1_0.HJINDEX,a1_0.HJVALUE from biscuit.INGREDIENTS_ALLERGENS a1_0 where a1_0.HJID=?
16:36:32:894 DEBUG select a1_0.HJID,a1_0.HJINDEX,a1_0.HJVALUE from biscuit.INGREDIENTS_ALLERGENS a1_0 where a1_0.HJID=?
16:36:32:894 DEBUG select a1_0.HJID,a1_0.HJINDEX,a1_0.HJVALUE from biscuit.INGREDIENTS_ALLERGENS a1_0 where a1_0.HJID=?
16:36:32:894 DEBUG select a1_0.HJID,a1_0.HJINDEX,a1_0.HJVALUE from biscuit.INGREDIENTS_ALLERGENS a1_0 where a1_0.HJID=?
16:36:32:894 DEBUG select a1_0.HJID,a1_0.HJINDEX,a1_0.HJVALUE from biscuit.INGREDIENTS_ALLERGENS a1_0 where a1_0.HJID=?
16:36:32:894 TRACE Loaded object:
<?xml version="1.0" encoding="UTF-8" standalone="yes"?>
<recipeBook Hjid="1" xmlns="http://example.org/biscuits">
    <recipe difficulty="EASY" created="2025-09-01T10:00:00.000" updated="2025-09-05T09:15:00.000" Hjid="1">
        <title>Classic Chocolate Biscuits</title>
        <ingredients Hjid="1">
            <name>Flour</name>
            <amount unit="g" Hjid="2">250.0000000000</amount>
            <allergens>GLUTEN EGGS</allergens>
        </ingredients>
        <ingredients Hjid="2">
            <name>Butter</name>
            <amount unit="g" Hjid="3">100.0000000000</amount>
            <allergens>MILK</allergens>
        </ingredients>
        <ingredients Hjid="3">
            <name>Cocoa Powder</name>
            <amount unit="g" Hjid="4">50.0000000000</amount>
            <allergens></allergens>
        </ingredients>
        <sweetener Hjid="1">
            <sugar unit="g" Hjid="1">80.0000000000</sugar>
        </sweetener>
        <steps stepNumber="1" Hjid="1">
            <instruction>Sift flour and cocoa together.</instruction>
            <duration>5</duration>
        </steps>
        <steps stepNumber="2" Hjid="2">
            <instruction>Mix with butter until crumbly.</instruction>
        </steps>
        <steps stepNumber="3" Hjid="3">
            <instruction>Bake until crisp.</instruction>
            <duration>15</duration>
        </steps>
        <tray material="metal" Hjid="1">
            <length>30.0000000000</length>
            <width>20.0000000000</width>
        </tray>
        <chocolateBiscuit shape="ROUND" flour="WHEAT" Hjid="1">
            <cocoaContent>70</cocoaContent>
        </chocolateBiscuit>
        <recipeNotes language="en" Hjid="2">Use a firm jam to avoid soggy centers.</recipeNotes>
        <biscuitNotes language="en" Hjid="1">Cut a small vent in the top to prevent bubbling.</biscuitNotes>
    </recipe>
    <recipe difficulty="MEDIUM" created="2025-09-02T14:30:00.000" updated="2025-09-06T12:00:00.000" Hjid="2">
        <title>Jam-Filled Biscuits</title>
        <ingredients Hjid="4">
            <name>Flour</name>
            <amount unit="g" Hjid="6">200.0000000000</amount>
            <allergens>GLUTEN</allergens>
        </ingredients>
        <ingredients Hjid="5">
            <name>Butter</name>
            <amount unit="g" Hjid="7">120.0000000000</amount>
            <allergens>MILK</allergens>
        </ingredients>
        <ingredients Hjid="6">
            <name>Strawberry Jam</name>
            <amount unit="tbsp" Hjid="8">3.0000000000</amount>
            <allergens></allergens>
        </ingredients>
        <sweetener Hjid="2">
            <honey unit="ml" Hjid="5">50.0000000000</honey>
        </sweetener>
        <steps stepNumber="1" Hjid="4">
            <instruction>Mix flour and butter into dough.</instruction>
        </steps>
        <steps stepNumber="2" Hjid="5">
            <instruction>Roll out and cut shapes.</instruction>
        </steps>
        <steps stepNumber="3" Hjid="6">
            <instruction>Add jam filling and bake.</instruction>
            <duration>other:untilGolden</duration>
        </steps>
        <tray material="ceramic" Hjid="2">
            <length>25.0000000000</length>
            <width>25.0000000000</width>
        </tray>
        <jamBiscuit shape="HEART" flour="RYE" Hjid="2">
            <jamFlavor>Strawberry</jamFlavor>
        </jamBiscuit>
        <recipeNotes language="en" Hjid="4">Keep dough chilled 30 minutes before rolling.</recipeNotes>
        <biscuitNotes language="en" Hjid="3">Store in an airtight container; best eaten within 3 days.</biscuitNotes>
    </recipe>
</recipeBook>

16:36:32:894 DEBUG Checking the sample object identity: Etalon vs Loaded.
16:36:32:905 DEBUG Checking the sample object identity: Etalon vs Etalon clone.
16:36:32:905 TRACE Checking the sample object identity: Loaded vs Loaded clone.
16:36:32:905 TRACE Checking the sample object identity: Etalon vs Initial vs Loaded.
16:36:32:905 INFO Testing sample, SUCCESS [biscuit.xml].
16:36:32:905 DEBUG Testing samples, finish
]]></system-out>
  </testcase>
</testsuite>